Arguments: 
  C:\Program Files\nodejs\node.exe C:\Users\nicko\AppData\Roaming\npm\node_modules\yarn\bin\yarn.js add axios

PATH: 
  C:\Program Files (x86)\Common Files\Oracle\Java\javapath;C:\Python39\Scripts\;C:\Python39\;C:\Windows\system32;C:\Windows;C:\Windows\System32\Wbem;C:\Windows\System32\WindowsPowerShell\v1.0\;C:\Windows\System32\OpenSSH\;C:\Program Files\NVIDIA Corporation\NVIDIA NvDLISR;C:\Program Files (x86)\NVIDIA Corporation\PhysX\Common;C:\Program Files\dotnet\;C:\Program Files\nodejs\;C:\ProgramData\chocolatey\bin;C:\Program Files\Git\cmd;C:\Program Files (x86)\Microsoft SQL Server\150\DTS\Binn\;C:\Program Files\Azure Data Studio\bin;C:\Program Files\Microsoft SQL Server\130\Tools\Binn\;C:\Program Files (x86)\Microsoft SQL Server\110\DTS\Binn\;C:\Program Files (x86)\Microsoft SQL Server\120\DTS\Binn\;C:\Program Files (x86)\Microsoft SQL Server\130\DTS\Binn\;C:\Program Files (x86)\Microsoft SQL Server\140\DTS\Binn\;C:\Program Files\Microsoft SQL Server\Client SDK\ODBC\170\Tools\Binn\;C:\Program Files (x86)\Microsoft SQL Server\150\Tools\Binn\;C:\Program Files\Microsoft SQL Server\150\Tools\Binn\;C:\Program Files\Microsoft SQL Server\150\DTS\Binn\;C:\Program Files\TortoiseSVN\bin;C:\Program Files\TortoiseGit\bin;C:\Program Files\Docker\Docker\resources\bin;C:\ProgramData\DockerDesktop\version-bin;C:\Users\nicko\.windows-build-tools\python27\;C:\Program Files\MySQL\MySQL Shell 8.0\bin\;C:\Users\nicko\AppData\Local\Microsoft\WindowsApps;C:\Users\nicko\AppData\Roaming\npm;C:\Users\nicko\AppData\Local\Programs\Microsoft VS Code\bin;C:\Program Files\Azure Data Studio\bin;C:\Users\nicko\.dotnet\tools;C:\Users\nicko\AppData\Local\GitHubDesktop\bin

Yarn version: 
  1.22.10

Node version: 
  14.15.4

Platform: 
  win32 x64

Trace: 
  SyntaxError: C:\dev\nubia\seeder\package.json: Unexpected token , in JSON at position 109
      at JSON.parse (<anonymous>)
      at C:\Users\nicko\AppData\Roaming\npm\node_modules\yarn\lib\cli.js:1625:59
      at Generator.next (<anonymous>)
      at step (C:\Users\nicko\AppData\Roaming\npm\node_modules\yarn\lib\cli.js:310:30)
      at C:\Users\nicko\AppData\Roaming\npm\node_modules\yarn\lib\cli.js:321:13

npm manifest: 
  {
    "name": "nubia.seeder",
    "version": "0.0.1",
    "description": "seed event source",
    "main": "index.js",,
    "scripts": {
      "start": "node ./index.js"
    }
  }

yarn manifest: 
  No manifest

Lockfile: 
  No lockfile
